2023-09-28 16:48:52.932 [info] Log level: Info
2023-09-28 16:48:52.932 [info] Validating found git in: "git"
2023-09-28 16:48:52.932 [info] Using git "2.34.1" from "git"
2023-09-28 16:48:52.932 [info] > git rev-parse --show-toplevel [6ms]
2023-09-28 16:48:52.932 [info] fatal: not a git repository (or any of the parent directories): .git
2023-09-28 16:48:52.932 [info] > git rev-parse --show-toplevel [2ms]
2023-09-28 16:48:52.932 [info] > git rev-parse --git-dir --git-common-dir [1ms]
2023-09-28 16:48:52.932 [info] Open repository: /home/alexj/test/xshop
2023-09-28 16:48:52.960 [info] > git config --get commit.template [18ms]
2023-09-28 16:48:52.983 [info] > git for-each-ref --format %(refname) %(objectname) %(*objectname) refs/tags [12ms]
2023-09-28 16:48:52.984 [info] > git show -s --format=%H%n%aN%n%aE%n%at%n%ct%n%P%n%D%n%B -z 02b7c5ac82d0c71d1598d76e5a1eb1dfaff1f200 [1ms]
2023-09-28 16:48:52.998 [info] > git status -z -uall [6ms]
2023-09-28 16:48:53.035 [info] > git config --get commit.template [5ms]
2023-09-28 16:48:53.051 [info] > git for-each-ref --format %(refname) %(objectname) %(*objectname) refs/tags [9ms]
2023-09-28 16:48:53.055 [info] > git show -s --format=%H%n%aN%n%aE%n%at%n%ct%n%P%n%D%n%B -z 02b7c5ac82d0c71d1598d76e5a1eb1dfaff1f200 [4ms]
2023-09-28 16:48:53.067 [info] > git status -z -uall [3ms]
2023-09-28 16:48:53.437 [info] > git check-ignore -v -z --stdin [2ms]
2023-09-28 16:48:55.939 [info] > git check-ignore -v -z --stdin [1ms]
2023-09-28 16:49:10.923 [info] > git check-ignore -v -z --stdin [1ms]
2023-09-28 16:49:15.895 [info] > git check-ignore -v -z --stdin [1ms]
2023-09-28 16:49:17.686 [info] > git check-ignore -v -z --stdin [1ms]
2023-09-28 16:49:19.007 [info] > git show --textconv :app/views/pages/home.html.erb [5ms]
2023-09-28 16:49:19.009 [info] > git ls-files --stage -- /home/alexj/test/xshop/app/views/pages/home.html.erb [3ms]
2023-09-28 16:50:07.032 [info] > git config --get commit.template [1ms]
2023-09-28 16:50:07.041 [info] > git for-each-ref --format %(refname) %(objectname) %(*objectname) refs/tags [5ms]
2023-09-28 16:50:07.042 [info] > git show -s --format=%H%n%aN%n%aE%n%at%n%ct%n%P%n%D%n%B -z 02b7c5ac82d0c71d1598d76e5a1eb1dfaff1f200 [2ms]
2023-09-28 16:50:07.049 [info] > git status -z -uall [2ms]
2023-09-28 16:50:14.086 [info] > git config --get commit.template [1ms]
2023-09-28 16:50:14.095 [info] > git for-each-ref --format %(refname) %(objectname) %(*objectname) refs/tags [5ms]
2023-09-28 16:50:14.099 [info] > git show -s --format=%H%n%aN%n%aE%n%at%n%ct%n%P%n%D%n%B -z 02b7c5ac82d0c71d1598d76e5a1eb1dfaff1f200 [5ms]
2023-09-28 16:50:14.108 [info] > git status -z -uall [2ms]
2023-09-28 16:50:42.360 [info] > git config --get commit.template [8ms]
2023-09-28 16:50:42.361 [info] > git for-each-ref --format %(refname) %(objectname) %(*objectname) refs/tags [4ms]
2023-09-28 16:50:42.362 [info] > git show -s --format=%H%n%aN%n%aE%n%at%n%ct%n%P%n%D%n%B -z 02b7c5ac82d0c71d1598d76e5a1eb1dfaff1f200 [2ms]
2023-09-28 16:50:42.369 [info] > git status -z -uall [4ms]
2023-09-28 16:50:47.854 [info] > git config --get commit.template [2ms]
2023-09-28 16:50:47.863 [info] > git for-each-ref --format %(refname) %(objectname) %(*objectname) refs/tags [4ms]
2023-09-28 16:50:47.864 [info] > git show -s --format=%H%n%aN%n%aE%n%at%n%ct%n%P%n%D%n%B -z 02b7c5ac82d0c71d1598d76e5a1eb1dfaff1f200 [2ms]
2023-09-28 16:50:47.872 [info] > git status -z -uall [2ms]
2023-09-28 16:50:56.654 [info] > git config --get commit.template [1ms]
2023-09-28 16:50:56.661 [info] > git for-each-ref --format %(refname) %(objectname) %(*objectname) refs/tags [4ms]
2023-09-28 16:50:56.662 [info] > git show -s --format=%H%n%aN%n%aE%n%at%n%ct%n%P%n%D%n%B -z 02b7c5ac82d0c71d1598d76e5a1eb1dfaff1f200 [2ms]
2023-09-28 16:50:56.668 [info] > git status -z -uall [2ms]
2023-09-28 16:57:36.726 [info] > git check-ignore -v -z --stdin [1ms]
2023-09-28 16:57:38.779 [info] > git check-ignore -v -z --stdin [1ms]
2023-09-28 16:57:46.183 [info] > git show --textconv :config/routes.rb [5ms]
2023-09-28 16:57:46.184 [info] > git ls-files --stage -- /home/alexj/test/xshop/config/routes.rb [2ms]
2023-09-28 16:57:46.189 [info] > git cat-file -s 262ffd54723e5cce68e9e6375fb29e045521f2b1 [1ms]
2023-09-28 16:58:11.553 [info] > git config --get commit.template [5ms]
2023-09-28 16:58:11.558 [info] > git for-each-ref --format %(refname) %(objectname) %(*objectname) refs/tags [6ms]
2023-09-28 16:58:11.559 [info] > git show -s --format=%H%n%aN%n%aE%n%at%n%ct%n%P%n%D%n%B -z 02b7c5ac82d0c71d1598d76e5a1eb1dfaff1f200 [2ms]
2023-09-28 16:58:11.564 [info] > git status -z -uall [2ms]
2023-09-28 16:58:48.129 [info] > git check-ignore -v -z --stdin [1ms]
2023-09-28 16:58:51.079 [info] > git show --textconv :app/controllers/pages_controller.rb [4ms]
2023-09-28 16:58:51.082 [info] > git ls-files --stage -- /home/alexj/test/xshop/app/controllers/pages_controller.rb [4ms]
2023-09-28 16:59:25.075 [info] > git config --get commit.template [5ms]
2023-09-28 16:59:25.080 [info] > git for-each-ref --format %(refname) %(objectname) %(*objectname) refs/tags [6ms]
2023-09-28 16:59:25.083 [info] > git show -s --format=%H%n%aN%n%aE%n%at%n%ct%n%P%n%D%n%B -z 02b7c5ac82d0c71d1598d76e5a1eb1dfaff1f200 [4ms]
2023-09-28 16:59:25.088 [info] > git status -z -uall [2ms]
2023-09-28 16:59:30.096 [info] > git config --get commit.template [1ms]
2023-09-28 16:59:30.105 [info] > git for-each-ref --format %(refname) %(objectname) %(*objectname) refs/tags [4ms]
2023-09-28 16:59:30.105 [info] > git show -s --format=%H%n%aN%n%aE%n%at%n%ct%n%P%n%D%n%B -z 02b7c5ac82d0c71d1598d76e5a1eb1dfaff1f200 [1ms]
2023-09-28 16:59:30.111 [info] > git status -z -uall [1ms]
2023-09-28 17:00:16.426 [info] > git config --get commit.template [11ms]
2023-09-28 17:00:16.426 [info] > git for-each-ref --format %(refname) %(objectname) %(*objectname) refs/tags [7ms]
2023-09-28 17:00:16.427 [info] > git show -s --format=%H%n%aN%n%aE%n%at%n%ct%n%P%n%D%n%B -z 02b7c5ac82d0c71d1598d76e5a1eb1dfaff1f200 [2ms]
2023-09-28 17:00:16.434 [info] > git status -z -uall [3ms]
2023-09-28 18:20:15.213 [info] > git config --get commit.template [1ms]
2023-09-28 18:20:15.254 [info] > git ls-files --stage -- /home/alexj/test/xshop/config/routes.rb [9ms]
2023-09-28 18:20:15.258 [info] > git ls-files --stage -- /home/alexj/test/xshop/app/views/pages/home.html.erb [18ms]
2023-09-28 18:20:15.263 [info] > git show -s --format=%H%n%aN%n%aE%n%at%n%ct%n%P%n%D%n%B -z 02b7c5ac82d0c71d1598d76e5a1eb1dfaff1f200 [32ms]
2023-09-28 18:20:15.263 [info] > git for-each-ref --format %(refname) %(objectname) %(*objectname) refs/tags [40ms]
2023-09-28 18:20:15.272 [info] > git cat-file -s 469bd866f3077eccf9de7024917d9212629ab0c3 [10ms]
2023-09-28 18:20:15.273 [info] > git cat-file -s 0cb6b40966cd33d782bfbb15007bc18736aeca21 [15ms]
2023-09-28 18:20:15.274 [info] > git ls-files --stage -- /home/alexj/test/xshop/app/controllers/pages_controller.rb [21ms]
2023-09-28 18:20:15.278 [info] > git status -z -uall [7ms]
2023-09-28 18:20:15.283 [info] > git cat-file -s 45f463e4c3e625df361513921c465a91df911dfd [6ms]
2023-09-28 18:20:15.311 [info] > git show --textconv :app/views/pages/home.html.erb [13ms]
2023-09-28 18:20:15.311 [info] > git show --textconv :config/routes.rb [7ms]
2023-09-28 18:20:15.312 [info] > git show --textconv :app/controllers/pages_controller.rb [2ms]
2023-09-28 18:20:20.297 [info] > git config --get commit.template [8ms]
2023-09-28 18:20:20.298 [info] > git for-each-ref --format %(refname) %(objectname) %(*objectname) refs/tags [5ms]
2023-09-28 18:20:20.299 [info] > git show -s --format=%H%n%aN%n%aE%n%at%n%ct%n%P%n%D%n%B -z 02b7c5ac82d0c71d1598d76e5a1eb1dfaff1f200 [1ms]
2023-09-28 18:20:20.305 [info] > git status -z -uall [1ms]
2023-09-28 18:21:38.472 [info] > git config --get commit.template [5ms]
2023-09-28 18:21:38.480 [info] > git for-each-ref --format %(refname) %(objectname) %(*objectname) refs/tags [8ms]
2023-09-28 18:21:38.481 [info] > git show -s --format=%H%n%aN%n%aE%n%at%n%ct%n%P%n%D%n%B -z 02b7c5ac82d0c71d1598d76e5a1eb1dfaff1f200 [0ms]
2023-09-28 18:21:38.492 [info] > git status -z -uall [7ms]
2023-09-28 18:21:55.057 [info] > git show --textconv :app/views/pages/about [6ms]
2023-09-28 18:21:55.058 [info] > git ls-files --stage -- /home/alexj/test/xshop/app/views/pages/about [2ms]
2023-09-28 18:21:55.294 [info] > git check-ignore -v -z --stdin [1ms]
2023-09-28 18:21:55.882 [info] > git config --get commit.template [10ms]
2023-09-28 18:21:55.882 [info] > git for-each-ref --format %(refname) %(objectname) %(*objectname) refs/tags [5ms]
2023-09-28 18:21:55.883 [info] > git show -s --format=%H%n%aN%n%aE%n%at%n%ct%n%P%n%D%n%B -z 02b7c5ac82d0c71d1598d76e5a1eb1dfaff1f200 [2ms]
2023-09-28 18:21:55.888 [info] > git status -z -uall [1ms]
2023-09-28 18:22:36.891 [info] > git show --textconv :app/views/pages/about.html.erb [5ms]
2023-09-28 18:22:36.892 [info] > git ls-files --stage -- /home/alexj/test/xshop/app/views/pages/about.html.erb [2ms]
2023-09-28 18:22:37.151 [info] > git check-ignore -v -z --stdin [1ms]
2023-09-28 18:22:37.668 [info] > git config --get commit.template [10ms]
2023-09-28 18:22:37.668 [info] > git for-each-ref --format %(refname) %(objectname) %(*objectname) refs/tags [6ms]
2023-09-28 18:22:37.669 [info] > git show -s --format=%H%n%aN%n%aE%n%at%n%ct%n%P%n%D%n%B -z 02b7c5ac82d0c71d1598d76e5a1eb1dfaff1f200 [2ms]
2023-09-28 18:22:37.675 [info] > git status -z -uall [1ms]
2023-09-28 18:23:24.547 [info] > git config --get commit.template [10ms]
2023-09-28 18:23:24.547 [info] > git for-each-ref --format %(refname) %(objectname) %(*objectname) refs/tags [5ms]
2023-09-28 18:23:24.548 [info] > git show -s --format=%H%n%aN%n%aE%n%at%n%ct%n%P%n%D%n%B -z 02b7c5ac82d0c71d1598d76e5a1eb1dfaff1f200 [1ms]
2023-09-28 18:23:24.553 [info] > git status -z -uall [2ms]
2023-09-28 18:24:14.649 [info] > git config --get commit.template [1ms]
2023-09-28 18:24:14.657 [info] > git for-each-ref --format %(refname) %(objectname) %(*objectname) refs/tags [4ms]
2023-09-28 18:24:14.658 [info] > git show -s --format=%H%n%aN%n%aE%n%at%n%ct%n%P%n%D%n%B -z 02b7c5ac82d0c71d1598d76e5a1eb1dfaff1f200 [2ms]
2023-09-28 18:24:14.666 [info] > git status -z -uall [2ms]
2023-09-28 18:24:22.609 [info] > git config --get commit.template [6ms]
2023-09-28 18:24:22.613 [info] > git for-each-ref --format %(refname) %(objectname) %(*objectname) refs/tags [5ms]
2023-09-28 18:24:22.614 [info] > git show -s --format=%H%n%aN%n%aE%n%at%n%ct%n%P%n%D%n%B -z 02b7c5ac82d0c71d1598d76e5a1eb1dfaff1f200 [2ms]
2023-09-28 18:24:22.625 [info] > git status -z -uall [2ms]
2023-09-28 18:26:00.218 [info] > git config --get commit.template [1ms]
2023-09-28 18:26:00.227 [info] > git for-each-ref --format %(refname) %(objectname) %(*objectname) refs/tags [4ms]
2023-09-28 18:26:00.228 [info] > git show -s --format=%H%n%aN%n%aE%n%at%n%ct%n%P%n%D%n%B -z 02b7c5ac82d0c71d1598d76e5a1eb1dfaff1f200 [2ms]
2023-09-28 18:26:00.234 [info] > git status -z -uall [2ms]
2023-09-28 18:33:41.669 [info] > git config --get commit.template [1ms]
2023-09-28 18:33:41.678 [info] > git for-each-ref --format %(refname) %(objectname) %(*objectname) refs/tags [5ms]
2023-09-28 18:33:41.679 [info] > git show -s --format=%H%n%aN%n%aE%n%at%n%ct%n%P%n%D%n%B -z 02b7c5ac82d0c71d1598d76e5a1eb1dfaff1f200 [2ms]
2023-09-28 18:33:41.691 [info] > git status -z -uall [3ms]
2023-09-28 18:33:46.707 [info] > git config --get commit.template [8ms]
2023-09-28 18:33:46.708 [info] > git for-each-ref --format %(refname) %(objectname) %(*objectname) refs/tags [4ms]
2023-09-28 18:33:46.709 [info] > git show -s --format=%H%n%aN%n%aE%n%at%n%ct%n%P%n%D%n%B -z 02b7c5ac82d0c71d1598d76e5a1eb1dfaff1f200 [1ms]
2023-09-28 18:33:46.716 [info] > git status -z -uall [2ms]
2023-09-28 18:34:32.398 [info] > git config --get commit.template [1ms]
2023-09-28 18:34:32.411 [info] > git for-each-ref --format %(refname) %(objectname) %(*objectname) refs/tags [8ms]
2023-09-28 18:34:32.411 [info] > git show -s --format=%H%n%aN%n%aE%n%at%n%ct%n%P%n%D%n%B -z 02b7c5ac82d0c71d1598d76e5a1eb1dfaff1f200 [1ms]
2023-09-28 18:34:32.424 [info] > git status -z -uall [2ms]
2023-09-28 21:34:15.847 [info] > git for-each-ref --format %(refname) %(objectname) %(*objectname) refs/tags [47ms]
2023-09-28 21:34:15.847 [info] > git config --get commit.template [52ms]
2023-09-28 21:34:15.853 [info] > git show -s --format=%H%n%aN%n%aE%n%at%n%ct%n%P%n%D%n%B -z 02b7c5ac82d0c71d1598d76e5a1eb1dfaff1f200 [26ms]
2023-09-28 21:34:15.860 [info] > git status -z -uall [2ms]
2023-09-28 21:34:20.874 [info] > git config --get commit.template [7ms]
2023-09-28 21:34:20.880 [info] > git for-each-ref --format %(refname) %(objectname) %(*objectname) refs/tags [8ms]
2023-09-28 21:34:20.881 [info] > git show -s --format=%H%n%aN%n%aE%n%at%n%ct%n%P%n%D%n%B -z 02b7c5ac82d0c71d1598d76e5a1eb1dfaff1f200 [2ms]
2023-09-28 21:34:20.892 [info] > git status -z -uall [1ms]
2023-09-28 21:35:47.961 [info] > git config --get commit.template [5ms]
2023-09-28 21:35:47.965 [info] > git for-each-ref --format %(refname) %(objectname) %(*objectname) refs/tags [5ms]
2023-09-28 21:35:47.967 [info] > git show -s --format=%H%n%aN%n%aE%n%at%n%ct%n%P%n%D%n%B -z 02b7c5ac82d0c71d1598d76e5a1eb1dfaff1f200 [2ms]
2023-09-28 21:35:47.975 [info] > git status -z -uall [3ms]
2023-09-28 21:35:58.514 [info] > git config --get commit.template [14ms]
2023-09-28 21:35:58.514 [info] > git for-each-ref --format %(refname) %(objectname) %(*objectname) refs/tags [9ms]
2023-09-28 21:35:58.515 [info] > git show -s --format=%H%n%aN%n%aE%n%at%n%ct%n%P%n%D%n%B -z 02b7c5ac82d0c71d1598d76e5a1eb1dfaff1f200 [1ms]
2023-09-28 21:35:58.522 [info] > git status -z -uall [2ms]
2023-09-28 21:36:11.427 [info] > git config --get commit.template [6ms]
2023-09-28 21:36:11.448 [info] > git for-each-ref --format %(refname) %(objectname) %(*objectname) refs/tags [21ms]
2023-09-28 21:36:11.450 [info] > git show -s --format=%H%n%aN%n%aE%n%at%n%ct%n%P%n%D%n%B -z 02b7c5ac82d0c71d1598d76e5a1eb1dfaff1f200 [2ms]
2023-09-28 21:36:11.462 [info] > git status -z -uall [8ms]
2023-09-28 21:36:28.906 [info] > git config --get commit.template [5ms]
2023-09-28 21:36:28.910 [info] > git for-each-ref --format %(refname) %(objectname) %(*objectname) refs/tags [5ms]
2023-09-28 21:36:28.912 [info] > git show -s --format=%H%n%aN%n%aE%n%at%n%ct%n%P%n%D%n%B -z 02b7c5ac82d0c71d1598d76e5a1eb1dfaff1f200 [2ms]
2023-09-28 21:36:28.917 [info] > git status -z -uall [1ms]
2023-09-28 21:39:38.155 [info] > git config --get commit.template [1ms]
2023-09-28 21:39:38.167 [info] > git for-each-ref --format %(refname) %(objectname) %(*objectname) refs/tags [8ms]
2023-09-28 21:39:38.170 [info] > git show -s --format=%H%n%aN%n%aE%n%at%n%ct%n%P%n%D%n%B -z 02b7c5ac82d0c71d1598d76e5a1eb1dfaff1f200 [6ms]
2023-09-28 21:39:38.177 [info] > git status -z -uall [2ms]
2023-09-28 21:39:43.191 [info] > git config --get commit.template [5ms]
2023-09-28 21:39:43.194 [info] > git for-each-ref --format %(refname) %(objectname) %(*objectname) refs/tags [4ms]
2023-09-28 21:39:43.196 [info] > git show -s --format=%H%n%aN%n%aE%n%at%n%ct%n%P%n%D%n%B -z 02b7c5ac82d0c71d1598d76e5a1eb1dfaff1f200 [2ms]
2023-09-28 21:39:43.202 [info] > git status -z -uall [3ms]
2023-09-28 21:39:57.173 [info] > git config --get commit.template [4ms]
2023-09-28 21:39:57.177 [info] > git for-each-ref --format %(refname) %(objectname) %(*objectname) refs/tags [3ms]
2023-09-28 21:39:57.179 [info] > git show -s --format=%H%n%aN%n%aE%n%at%n%ct%n%P%n%D%n%B -z 02b7c5ac82d0c71d1598d76e5a1eb1dfaff1f200 [2ms]
2023-09-28 21:39:57.186 [info] > git status -z -uall [1ms]
2023-09-28 21:40:05.628 [info] > git config --get commit.template [10ms]
2023-09-28 21:40:05.629 [info] > git for-each-ref --format %(refname) %(objectname) %(*objectname) refs/tags [4ms]
2023-09-28 21:40:05.629 [info] > git show -s --format=%H%n%aN%n%aE%n%at%n%ct%n%P%n%D%n%B -z 02b7c5ac82d0c71d1598d76e5a1eb1dfaff1f200 [1ms]
2023-09-28 21:40:05.635 [info] > git status -z -uall [2ms]
2023-09-28 21:46:49.676 [info] > git config --get commit.template [6ms]
2023-09-28 21:46:49.683 [info] > git for-each-ref --format %(refname) %(objectname) %(*objectname) refs/tags [8ms]
2023-09-28 21:46:49.683 [info] > git show -s --format=%H%n%aN%n%aE%n%at%n%ct%n%P%n%D%n%B -z 02b7c5ac82d0c71d1598d76e5a1eb1dfaff1f200 [3ms]
2023-09-28 21:46:49.701 [info] > git status -z -uall [13ms]
2023-09-28 21:46:54.718 [info] > git config --get commit.template [9ms]
2023-09-28 21:46:54.719 [info] > git for-each-ref --format %(refname) %(objectname) %(*objectname) refs/tags [4ms]
2023-09-28 21:46:54.719 [info] > git show -s --format=%H%n%aN%n%aE%n%at%n%ct%n%P%n%D%n%B -z 02b7c5ac82d0c71d1598d76e5a1eb1dfaff1f200 [2ms]
2023-09-28 21:46:54.726 [info] > git status -z -uall [2ms]
2023-09-28 21:47:05.404 [info] > git config --get commit.template [12ms]
2023-09-28 21:47:05.405 [info] > git show -s --format=%H%n%aN%n%aE%n%at%n%ct%n%P%n%D%n%B -z 02b7c5ac82d0c71d1598d76e5a1eb1dfaff1f200 [2ms]
2023-09-28 21:47:05.405 [info] > git for-each-ref --format %(refname) %(objectname) %(*objectname) refs/tags [8ms]
2023-09-28 21:47:05.411 [info] > git status -z -uall [2ms]
2023-09-28 21:48:00.139 [info] > git config --get commit.template [10ms]
2023-09-28 21:48:00.139 [info] > git for-each-ref --format %(refname) %(objectname) %(*objectname) refs/tags [5ms]
2023-09-28 21:48:00.140 [info] > git show -s --format=%H%n%aN%n%aE%n%at%n%ct%n%P%n%D%n%B -z 02b7c5ac82d0c71d1598d76e5a1eb1dfaff1f200 [2ms]
2023-09-28 21:48:00.150 [info] > git status -z -uall [2ms]
2023-09-28 21:48:18.348 [info] > git config --get commit.template [9ms]
2023-09-28 21:48:18.348 [info] > git for-each-ref --format %(refname) %(objectname) %(*objectname) refs/tags [5ms]
2023-09-28 21:48:18.349 [info] > git show -s --format=%H%n%aN%n%aE%n%at%n%ct%n%P%n%D%n%B -z 02b7c5ac82d0c71d1598d76e5a1eb1dfaff1f200 [1ms]
2023-09-28 21:48:18.356 [info] > git status -z -uall [2ms]
2023-09-28 21:48:44.964 [info] > git config --get commit.template [11ms]
2023-09-28 21:48:44.965 [info] > git for-each-ref --format %(refname) %(objectname) %(*objectname) refs/tags [6ms]
2023-09-28 21:48:44.965 [info] > git show -s --format=%H%n%aN%n%aE%n%at%n%ct%n%P%n%D%n%B -z 02b7c5ac82d0c71d1598d76e5a1eb1dfaff1f200 [1ms]
2023-09-28 21:48:44.971 [info] > git status -z -uall [2ms]
2023-09-28 21:53:43.266 [info] > git config --get commit.template [6ms]
2023-09-28 21:53:43.272 [info] > git for-each-ref --format %(refname) %(objectname) %(*objectname) refs/tags [6ms]
2023-09-28 21:53:43.273 [info] > git show -s --format=%H%n%aN%n%aE%n%at%n%ct%n%P%n%D%n%B -z 02b7c5ac82d0c71d1598d76e5a1eb1dfaff1f200 [2ms]
2023-09-28 21:53:43.286 [info] > git status -z -uall [9ms]
